<?xml version="1.0" encoding="UTF-8"?>
<!-- Generated by org.testng.reporters.JUnitReportReporter -->
<testsuite hostname="BLR257" failures="0" tests="1" name="com.automation.runner.TestRunner" time="12.406" errors="0" timestamp="2024-09-05T16:05:42 IST" skipped="0">
  <testcase classname="com.automation.runner.TestRunner" name="runScenario" time="12.406"/>
  <system-out/>
</testsuite> <!-- com.automation.runner.TestRunner -->
